<?xml version="1.0" encoding="UTF-8"?>
<!-- Generated by org.testng.reporters.JUnitXMLReporter -->
<testsuite ignored="0" hostname="EPINPUNW0958" failures="0" tests="4" name="UITestsOnly" time="8.435" errors="0" timestamp="2025-06-13T15:01:40 IST">
  <testcase classname="Subtask1.CartSkipTest" name="testCartFunction" time="0.002"/>
  <testcase classname="Subtask1.LoginUITest" name="testLoginPage" time="0.001"/>
  <testcase classname="Subtask1.PaymentTest" name="testPaymentProcess" time="0.001"/>
  <testcase classname="Subtask1.SearchUITest" name="testSearchFunction" time="0.001"/>
</testsuite> <!-- UITestsOnly -->
